--- Startup times for process: Primary/TUI ---

times in msec
 clock   self+sourced   self:  sourced script
 clock   elapsed:              other lines

000.000  000.000: --- NVIM STARTING ---
000.065  000.065: event init
000.172  000.107: early init
000.502  000.330: locale set
000.527  000.025: init first window
000.779  000.252: inits 1
000.784  000.004: window checked
000.786  000.002: parsing arguments
001.072  000.019  000.019: require('vim.shared')
001.114  000.022  000.022: require('vim.inspect')
001.142  000.018  000.018: require('vim._options')
001.143  000.069  000.029: require('vim._editor')
001.144  000.130  000.041: require('vim._init_packages')
001.145  000.229: init lua interpreter
001.574  000.429: --- NVIM STARTED ---

--- Startup times for process: Embedded ---

times in msec
 clock   self+sourced   self:  sourced script
 clock   elapsed:              other lines

000.001  000.001: --- NVIM STARTING ---
000.074  000.073: event init
000.215  000.142: early init
000.615  000.400: locale set
000.652  000.037: init first window
001.024  000.372: inits 1
001.042  000.018: window checked
001.046  000.004: parsing arguments
001.576  000.039  000.039: require('vim.shared')
001.658  000.040  000.040: require('vim.inspect')
001.712  000.036  000.036: require('vim._options')
001.714  000.135  000.059: require('vim._editor')
001.716  000.214  000.040: require('vim._init_packages')
001.718  000.457: init lua interpreter
003.490  001.773: expanding arguments
003.499  000.009: inits 2
003.653  000.154: init highlight
003.653  000.001: waiting for UI
003.726  000.073: done waiting for UI
003.728  000.002: clear screen
003.774  000.004  000.004: require('vim.keymap')
004.420  000.690  000.686: require('vim._defaults')
004.421  000.004: init default mappings & autocommands
005.086  000.035  000.035: sourcing /opt/homebrew/Cellar/neovim/HEAD-3a82652/share/nvim/runtime/ftplugin.vim
005.170  000.015  000.015: sourcing /opt/homebrew/Cellar/neovim/HEAD-3a82652/share/nvim/runtime/indent.vim
007.064  000.749  000.749: require('mini.deps')
007.294  000.004  000.004: require('vim.F')
009.631  000.131  000.131: require('nvim-treesitter.utils')
011.185  000.095  000.095: require('vim.treesitter.language')
011.247  000.061  000.061: require('vim.func')
011.322  000.073  000.073: require('vim.func._memoize')
011.331  000.548  000.319: require('vim.treesitter.query')
011.429  000.097  000.097: require('vim.treesitter._range')
011.439  000.992  000.347: require('vim.treesitter.languagetree')
011.441  001.181  000.189: require('vim.treesitter')
012.291  002.659  001.478: require('nvim-treesitter.parsers')
013.009  000.078  000.078: require('nvim-treesitter.compat')
013.381  000.221  000.221: require('nvim-treesitter.ts_utils')
013.394  000.384  000.162: require('nvim-treesitter.tsrange')
013.460  000.066  000.066: require('nvim-treesitter.caching')
013.465  000.801  000.274: require('nvim-treesitter.query')
013.472  001.038  000.237: require('nvim-treesitter.configs')
013.474  001.182  000.144: require('nvim-treesitter.info')
013.626  000.152  000.152: require('nvim-treesitter.shell_command_selectors')
013.636  004.528  000.405: require('nvim-treesitter.install')
013.702  000.065  000.065: require('nvim-treesitter.statusline')
013.817  000.115  000.115: require('nvim-treesitter.query_predicates')
013.819  005.184  000.476: require('nvim-treesitter')
014.030  005.424  000.240: sourcing /Users/pablopunk/.local/share/mvim/site/pack/plugins/start/nvim-treesitter/plugin/nvim-treesitter.lua
014.390  000.024  000.024: sourcing /Users/pablopunk/.local/share/mvim/site/pack/deps/opt/nvim-treesitter/plugin/nvim-treesitter.lua
014.823  000.014  000.014: sourcing /Users/pablopunk/.local/share/mvim/site/pack/plugins/start/plenary.nvim/plugin/plenary.vim
015.157  000.026  000.026: sourcing /Users/pablopunk/.local/share/mvim/site/pack/deps/opt/plenary.nvim/plugin/plenary.vim
015.648  000.162  000.162: sourcing /Users/pablopunk/.local/share/mvim/site/pack/plugins/start/telescope.nvim/plugin/telescope.lua
016.028  000.070  000.070: sourcing /Users/pablopunk/.local/share/mvim/site/pack/deps/opt/telescope.nvim/plugin/telescope.lua
017.586  000.016  000.016: require('vim.fs')
017.600  000.174  000.158: require('vim.lsp.log')
018.157  000.556  000.556: require('vim.lsp.protocol')
019.213  000.201  000.201: require('vim.lsp._snippet_grammar')
019.332  000.118  000.118: require('vim.highlight')
019.341  001.182  000.863: require('vim.lsp.util')
019.710  000.168  000.168: require('vim.lsp.sync')
019.712  000.370  000.202: require('vim.lsp._changetracking')
020.019  000.305  000.305: require('vim.lsp.rpc')
020.054  003.522  000.935: require('vim.lsp')
020.082  003.630  000.108: sourcing /Users/pablopunk/.local/share/mvim/site/pack/deps/opt/nvim-lspconfig/plugin/lspconfig.lua
021.126  000.699  000.699: sourcing /opt/homebrew/Cellar/neovim/HEAD-3a82652/share/nvim/runtime/colors/vim.lua
021.353  000.978  000.279: sourcing /opt/homebrew/Cellar/neovim/HEAD-3a82652/share/nvim/runtime/colors/habamax.vim
021.394  016.086  005.005: sourcing /Users/pablopunk/.config/mvim/init.lua
021.408  000.851: sourcing vimrc file(s)
021.624  000.105  000.105: sourcing /opt/homebrew/Cellar/neovim/HEAD-3a82652/share/nvim/runtime/filetype.lua
021.820  000.045  000.045: sourcing /opt/homebrew/Cellar/neovim/HEAD-3a82652/share/nvim/runtime/syntax/synload.vim
021.880  000.200  000.155: sourcing /opt/homebrew/Cellar/neovim/HEAD-3a82652/share/nvim/runtime/syntax/syntax.vim
022.527  000.089  000.089: sourcing /Users/pablopunk/.local/share/mvim/site/pack/deps/opt/nvim-lspconfig/plugin/lspconfig.lua
022.727  000.091  000.091: sourcing /Users/pablopunk/.local/share/mvim/site/pack/deps/opt/telescope.nvim/plugin/telescope.lua
022.919  000.085  000.085: sourcing /Users/pablopunk/.local/share/mvim/site/pack/plugins/start/telescope.nvim/plugin/telescope.lua
023.055  000.030  000.030: sourcing /Users/pablopunk/.local/share/mvim/site/pack/deps/opt/plenary.nvim/plugin/plenary.vim
023.175  000.012  000.012: sourcing /Users/pablopunk/.local/share/mvim/site/pack/plugins/start/plenary.nvim/plugin/plenary.vim
023.311  000.023  000.023: sourcing /Users/pablopunk/.local/share/mvim/site/pack/deps/opt/nvim-treesitter/plugin/nvim-treesitter.lua
023.443  000.021  000.021: sourcing /Users/pablopunk/.local/share/mvim/site/pack/plugins/start/nvim-treesitter/plugin/nvim-treesitter.lua
024.124  000.098  000.098: sourcing /opt/homebrew/Cellar/neovim/HEAD-3a82652/share/nvim/runtime/plugin/gzip.vim
025.064  000.101  000.101: sourcing /opt/homebrew/Cellar/neovim/HEAD-3a82652/share/nvim/runtime/pack/dist/opt/matchit/plugin/matchit.vim
025.098  000.928  000.827: sourcing /opt/homebrew/Cellar/neovim/HEAD-3a82652/share/nvim/runtime/plugin/matchit.vim
025.211  000.073  000.073: sourcing /opt/homebrew/Cellar/neovim/HEAD-3a82652/share/nvim/runtime/plugin/matchparen.vim
025.391  000.137  000.137: sourcing /opt/homebrew/Cellar/neovim/HEAD-3a82652/share/nvim/runtime/plugin/netrwPlugin.vim
025.513  000.073  000.073: sourcing /opt/homebrew/Cellar/neovim/HEAD-3a82652/share/nvim/runtime/plugin/rplugin.vim
025.602  000.042  000.042: sourcing /opt/homebrew/Cellar/neovim/HEAD-3a82652/share/nvim/runtime/plugin/shada.vim
025.657  000.009  000.009: sourcing /opt/homebrew/Cellar/neovim/HEAD-3a82652/share/nvim/runtime/plugin/spellfile.vim
025.745  000.041  000.041: sourcing /opt/homebrew/Cellar/neovim/HEAD-3a82652/share/nvim/runtime/plugin/tarPlugin.vim
025.798  000.008  000.008: sourcing /opt/homebrew/Cellar/neovim/HEAD-3a82652/share/nvim/runtime/plugin/tutor.vim
025.905  000.060  000.060: sourcing /opt/homebrew/Cellar/neovim/HEAD-3a82652/share/nvim/runtime/plugin/zipPlugin.vim
025.990  000.036  000.036: sourcing /opt/homebrew/Cellar/neovim/HEAD-3a82652/share/nvim/runtime/plugin/editorconfig.lua
026.079  000.043  000.043: sourcing /opt/homebrew/Cellar/neovim/HEAD-3a82652/share/nvim/runtime/plugin/man.lua
026.166  000.041  000.041: sourcing /opt/homebrew/Cellar/neovim/HEAD-3a82652/share/nvim/runtime/plugin/osc52.lua
026.238  000.026  000.026: sourcing /opt/homebrew/Cellar/neovim/HEAD-3a82652/share/nvim/runtime/plugin/tohtml.lua
026.263  002.584: loading rtp plugins
026.794  000.035  000.035: sourcing /Users/pablopunk/.local/share/mvim/site/pack/plugins/start/nvim-treesitter/plugin/nvim-treesitter.lua
026.982  000.019  000.019: sourcing /Users/pablopunk/.local/share/mvim/site/pack/plugins/start/plenary.nvim/plugin/plenary.vim
027.344  000.143  000.143: sourcing /Users/pablopunk/.local/share/mvim/site/pack/plugins/start/telescope.nvim/plugin/telescope.lua
027.469  001.009: loading packages
028.193  000.724: loading after plugins
028.198  000.005: inits 3
029.104  000.905: reading ShaDa
029.182  000.079: opening buffers
029.199  000.017: BufEnter autocommands
029.201  000.002: editing files in windows
029.293  000.092: VimEnter autocommands
029.294  000.002: UIEnter autocommands
029.296  000.001: before starting main loop
029.498  000.203: first screen update
029.499  000.001: --- NVIM STARTED ---

--- Startup times for process: Primary/TUI ---

times in msec
 clock   self+sourced   self:  sourced script
 clock   elapsed:              other lines

000.001  000.001: --- NVIM STARTING ---
000.104  000.103: event init
000.317  000.213: early init
001.212  000.895: locale set
001.288  000.076: init first window
002.051  000.763: inits 1
002.063  000.012: window checked
002.071  000.008: parsing arguments
002.929  000.056  000.056: require('vim.shared')
003.061  000.066  000.066: require('vim.inspect')
003.145  000.055  000.055: require('vim._options')
003.148  000.213  000.092: require('vim._editor')
003.150  000.332  000.062: require('vim._init_packages')
003.154  000.751: init lua interpreter
003.929  000.775: --- NVIM STARTED ---

--- Startup times for process: Embedded ---

times in msec
 clock   self+sourced   self:  sourced script
 clock   elapsed:              other lines

000.000  000.000: --- NVIM STARTING ---
000.100  000.100: event init
000.282  000.181: early init
000.837  000.555: locale set
000.899  000.063: init first window
001.397  000.498: inits 1
001.425  000.028: window checked
001.430  000.005: parsing arguments
002.033  000.042  000.042: require('vim.shared')
002.122  000.044  000.044: require('vim.inspect')
002.185  000.041  000.041: require('vim._options')
002.187  000.149  000.064: require('vim._editor')
002.188  000.278  000.087: require('vim._init_packages')
002.191  000.483: init lua interpreter
005.309  003.119: expanding arguments
005.331  000.021: inits 2
005.650  000.320: init highlight
005.652  000.001: waiting for UI
005.827  000.175: done waiting for UI
005.831  000.004: clear screen
005.931  000.009  000.009: require('vim.keymap')
007.298  001.462  001.453: require('vim._defaults')
007.300  000.007: init default mappings & autocommands
008.522  000.066  000.066: sourcing /opt/homebrew/Cellar/neovim/HEAD-3a82652/share/nvim/runtime/ftplugin.vim
008.695  000.030  000.030: sourcing /opt/homebrew/Cellar/neovim/HEAD-3a82652/share/nvim/runtime/indent.vim
012.405  001.444  001.444: require('mini.deps')
012.717  000.007  000.007: require('vim.F')
017.156  000.283  000.283: require('nvim-treesitter.utils')
019.950  000.172  000.172: require('vim.treesitter.language')
020.059  000.107  000.107: require('vim.func')
020.194  000.132  000.132: require('vim.func._memoize')
020.209  000.952  000.540: require('vim.treesitter.query')
020.390  000.179  000.179: require('vim.treesitter._range')
020.401  001.702  000.571: require('vim.treesitter.languagetree')
020.407  002.043  000.340: require('vim.treesitter')
021.951  004.793  002.750: require('nvim-treesitter.parsers')
023.176  000.113  000.113: require('nvim-treesitter.compat')
023.675  000.324  000.324: require('nvim-treesitter.ts_utils')
023.680  000.501  000.177: require('nvim-treesitter.tsrange')
023.799  000.118  000.118: require('nvim-treesitter.caching')
023.807  001.054  000.322: require('nvim-treesitter.query')
023.817  001.612  000.558: require('nvim-treesitter.configs')
023.820  001.867  000.255: require('nvim-treesitter.info')
024.069  000.248  000.248: require('nvim-treesitter.shell_command_selectors')
024.085  007.945  000.754: require('nvim-treesitter.install')
024.201  000.114  000.114: require('nvim-treesitter.statusline')
024.399  000.196  000.196: require('nvim-treesitter.query_predicates')
024.401  009.160  000.904: require('nvim-treesitter')
024.706  009.517  000.357: sourcing /Users/pablopunk/.local/share/mvim/site/pack/plugins/start/nvim-treesitter/plugin/nvim-treesitter.lua
025.328  000.040  000.040: sourcing /Users/pablopunk/.local/share/mvim/site/pack/deps/opt/nvim-treesitter/plugin/nvim-treesitter.lua
025.986  000.021  000.021: sourcing /Users/pablopunk/.local/share/mvim/site/pack/plugins/start/plenary.nvim/plugin/plenary.vim
026.559  000.046  000.046: sourcing /Users/pablopunk/.local/share/mvim/site/pack/deps/opt/plenary.nvim/plugin/plenary.vim
027.384  000.233  000.233: sourcing /Users/pablopunk/.local/share/mvim/site/pack/plugins/start/telescope.nvim/plugin/telescope.lua
027.968  000.113  000.113: sourcing /Users/pablopunk/.local/share/mvim/site/pack/deps/opt/telescope.nvim/plugin/telescope.lua
030.301  000.026  000.026: require('vim.fs')
030.322  000.259  000.234: require('vim.lsp.log')
031.169  000.845  000.845: require('vim.lsp.protocol')
032.619  000.274  000.274: require('vim.lsp._snippet_grammar')
032.785  000.164  000.164: require('vim.highlight')
032.799  001.627  001.190: require('vim.lsp.util')
033.300  000.243  000.243: require('vim.lsp.sync')
033.305  000.504  000.261: require('vim.lsp._changetracking')
033.791  000.485  000.485: require('vim.lsp.rpc')
033.849  005.066  001.345: require('vim.lsp')
033.876  005.272  000.206: sourcing /Users/pablopunk/.local/share/mvim/site/pack/deps/opt/nvim-lspconfig/plugin/lspconfig.lua
035.057  000.767  000.767: sourcing /opt/homebrew/Cellar/neovim/HEAD-3a82652/share/nvim/runtime/colors/vim.lua
035.343  001.113  000.346: sourcing /opt/homebrew/Cellar/neovim/HEAD-3a82652/share/nvim/runtime/colors/habamax.vim
035.385  026.432  008.624: sourcing /Users/pablopunk/.config/mvim/init.lua
035.406  001.578: sourcing vimrc file(s)
035.690  000.148  000.148: sourcing /opt/homebrew/Cellar/neovim/HEAD-3a82652/share/nvim/runtime/filetype.lua
035.931  000.052  000.052: sourcing /opt/homebrew/Cellar/neovim/HEAD-3a82652/share/nvim/runtime/syntax/synload.vim
035.990  000.222  000.170: sourcing /opt/homebrew/Cellar/neovim/HEAD-3a82652/share/nvim/runtime/syntax/syntax.vim
036.806  000.122  000.122: sourcing /Users/pablopunk/.local/share/mvim/site/pack/deps/opt/nvim-lspconfig/plugin/lspconfig.lua
037.056  000.119  000.119: sourcing /Users/pablopunk/.local/share/mvim/site/pack/deps/opt/telescope.nvim/plugin/telescope.lua
037.291  000.106  000.106: sourcing /Users/pablopunk/.local/share/mvim/site/pack/plugins/start/telescope.nvim/plugin/telescope.lua
037.452  000.034  000.034: sourcing /Users/pablopunk/.local/share/mvim/site/pack/deps/opt/plenary.nvim/plugin/plenary.vim
037.598  000.015  000.015: sourcing /Users/pablopunk/.local/share/mvim/site/pack/plugins/start/plenary.nvim/plugin/plenary.vim
037.758  000.029  000.029: sourcing /Users/pablopunk/.local/share/mvim/site/pack/deps/opt/nvim-treesitter/plugin/nvim-treesitter.lua
037.917  000.028  000.028: sourcing /Users/pablopunk/.local/share/mvim/site/pack/plugins/start/nvim-treesitter/plugin/nvim-treesitter.lua
038.662  000.107  000.107: sourcing /opt/homebrew/Cellar/neovim/HEAD-3a82652/share/nvim/runtime/plugin/gzip.vim
039.808  000.118  000.118: sourcing /opt/homebrew/Cellar/neovim/HEAD-3a82652/share/nvim/runtime/pack/dist/opt/matchit/plugin/matchit.vim
039.850  001.131  001.013: sourcing /opt/homebrew/Cellar/neovim/HEAD-3a82652/share/nvim/runtime/plugin/matchit.vim
040.001  000.098  000.098: sourcing /opt/homebrew/Cellar/neovim/HEAD-3a82652/share/nvim/runtime/plugin/matchparen.vim
040.230  000.177  000.177: sourcing /opt/homebrew/Cellar/neovim/HEAD-3a82652/share/nvim/runtime/plugin/netrwPlugin.vim
040.386  000.094  000.094: sourcing /opt/homebrew/Cellar/neovim/HEAD-3a82652/share/nvim/runtime/plugin/rplugin.vim
040.500  000.052  000.052: sourcing /opt/homebrew/Cellar/neovim/HEAD-3a82652/share/nvim/runtime/plugin/shada.vim
040.578  000.015  000.015: sourcing /opt/homebrew/Cellar/neovim/HEAD-3a82652/share/nvim/runtime/plugin/spellfile.vim
040.691  000.054  000.054: sourcing /opt/homebrew/Cellar/neovim/HEAD-3a82652/share/nvim/runtime/plugin/tarPlugin.vim
040.761  000.010  000.010: sourcing /opt/homebrew/Cellar/neovim/HEAD-3a82652/share/nvim/runtime/plugin/tutor.vim
040.900  000.080  000.080: sourcing /opt/homebrew/Cellar/neovim/HEAD-3a82652/share/nvim/runtime/plugin/zipPlugin.vim
041.004  000.040  000.040: sourcing /opt/homebrew/Cellar/neovim/HEAD-3a82652/share/nvim/runtime/plugin/editorconfig.lua
041.114  000.049  000.049: sourcing /opt/homebrew/Cellar/neovim/HEAD-3a82652/share/nvim/runtime/plugin/man.lua
041.220  000.047  000.047: sourcing /opt/homebrew/Cellar/neovim/HEAD-3a82652/share/nvim/runtime/plugin/osc52.lua
041.311  000.032  000.032: sourcing /opt/homebrew/Cellar/neovim/HEAD-3a82652/share/nvim/runtime/plugin/tohtml.lua
041.337  003.123: loading rtp plugins
041.786  000.027  000.027: sourcing /Users/pablopunk/.local/share/mvim/site/pack/plugins/start/nvim-treesitter/plugin/nvim-treesitter.lua
041.944  000.015  000.015: sourcing /Users/pablopunk/.local/share/mvim/site/pack/plugins/start/plenary.nvim/plugin/plenary.vim
042.235  000.104  000.104: sourcing /Users/pablopunk/.local/share/mvim/site/pack/plugins/start/telescope.nvim/plugin/telescope.lua
042.336  000.854: loading packages
042.939  000.602: loading after plugins
042.944  000.005: inits 3
043.785  000.841: reading ShaDa
043.853  000.069: opening buffers
043.864  000.011: BufEnter autocommands
043.866  000.001: editing files in windows
043.946  000.080: VimEnter autocommands
043.947  000.001: UIEnter autocommands
043.948  000.001: before starting main loop
044.115  000.167: first screen update
044.116  000.001: --- NVIM STARTED ---

--- Startup times for process: Primary/TUI ---

times in msec
 clock   self+sourced   self:  sourced script
 clock   elapsed:              other lines

000.001  000.001: --- NVIM STARTING ---
000.125  000.124: event init
000.393  000.268: early init
001.241  000.849: locale set
001.313  000.071: init first window
002.044  000.732: inits 1
002.056  000.012: window checked
002.063  000.007: parsing arguments
002.859  000.058  000.058: require('vim.shared')
002.990  000.067  000.067: require('vim.inspect')
003.074  000.055  000.055: require('vim._options')
003.077  000.213  000.090: require('vim._editor')
003.080  000.363  000.093: require('vim._init_packages')
003.082  000.656: init lua interpreter
003.647  000.565: --- NVIM STARTED ---

--- Startup times for process: Embedded ---

times in msec
 clock   self+sourced   self:  sourced script
 clock   elapsed:              other lines

000.000  000.000: --- NVIM STARTING ---
000.104  000.103: event init
000.299  000.195: early init
000.889  000.589: locale set
000.954  000.066: init first window
001.468  000.514: inits 1
001.497  000.029: window checked
001.503  000.006: parsing arguments
002.094  000.045  000.045: require('vim.shared')
002.187  000.046  000.046: require('vim.inspect')
002.248  000.040  000.040: require('vim._options')
002.250  000.153  000.066: require('vim._editor')
002.252  000.265  000.067: require('vim._init_packages')
002.254  000.486: init lua interpreter
005.330  003.076: expanding arguments
005.351  000.021: inits 2
005.640  000.290: init highlight
005.641  000.001: waiting for UI
005.808  000.166: done waiting for UI
005.811  000.004: clear screen
005.910  000.011  000.011: require('vim.keymap')
007.122  001.308  001.297: require('vim._defaults')
007.124  000.005: init default mappings & autocommands
008.361  000.078  000.078: sourcing /opt/homebrew/Cellar/neovim/HEAD-3a82652/share/nvim/runtime/ftplugin.vim
008.515  000.028  000.028: sourcing /opt/homebrew/Cellar/neovim/HEAD-3a82652/share/nvim/runtime/indent.vim
012.020  001.329  001.329: require('mini.deps')
012.281  000.008  000.008: require('vim.F')
016.216  000.299  000.299: require('nvim-treesitter.utils')
018.730  000.161  000.161: require('vim.treesitter.language')
018.839  000.107  000.107: require('vim.func')
018.974  000.132  000.132: require('vim.func._memoize')
019.044  000.989  000.589: require('vim.treesitter.query')
019.214  000.169  000.169: require('vim.treesitter._range')
019.226  001.723  000.566: require('vim.treesitter.languagetree')
019.233  002.044  000.321: require('vim.treesitter')
020.893  004.675  002.631: require('nvim-treesitter.parsers')
021.784  000.098  000.098: require('nvim-treesitter.compat')
022.222  000.291  000.291: require('nvim-treesitter.ts_utils')
022.226  000.440  000.149: require('nvim-treesitter.tsrange')
022.323  000.095  000.095: require('nvim-treesitter.caching')
022.330  000.909  000.275: require('nvim-treesitter.query')
022.339  001.235  000.326: require('nvim-treesitter.configs')
022.341  001.447  000.212: require('nvim-treesitter.info')
022.557  000.215  000.215: require('nvim-treesitter.shell_command_selectors')
022.572  007.317  000.681: require('nvim-treesitter.install')
022.673  000.099  000.099: require('nvim-treesitter.statusline')
022.841  000.167  000.167: require('nvim-treesitter.query_predicates')
022.843  008.362  000.779: require('nvim-treesitter')
023.155  008.719  000.357: sourcing /Users/pablopunk/.local/share/mvim/site/pack/plugins/start/nvim-treesitter/plugin/nvim-treesitter.lua
023.672  000.043  000.043: sourcing /Users/pablopunk/.local/share/mvim/site/pack/deps/opt/nvim-treesitter/plugin/nvim-treesitter.lua
024.221  000.020  000.020: sourcing /Users/pablopunk/.local/share/mvim/site/pack/plugins/start/plenary.nvim/plugin/plenary.vim
024.686  000.034  000.034: sourcing /Users/pablopunk/.local/share/mvim/site/pack/deps/opt/plenary.nvim/plugin/plenary.vim
025.466  000.265  000.265: sourcing /Users/pablopunk/.local/share/mvim/site/pack/plugins/start/telescope.nvim/plugin/telescope.lua
026.009  000.105  000.105: sourcing /Users/pablopunk/.local/share/mvim/site/pack/deps/opt/telescope.nvim/plugin/telescope.lua
026.756  000.120  000.120: sourcing /Users/pablopunk/.local/share/mvim/site/pack/deps/opt/vim-tmux-navigator/plugin/tmux_navigator.vim
028.968  000.022  000.022: require('vim.fs')
028.987  000.268  000.246: require('vim.lsp.log')
029.782  000.793  000.793: require('vim.lsp.protocol')
031.129  000.295  000.295: require('vim.lsp._snippet_grammar')
031.284  000.152  000.152: require('vim.highlight')
031.298  001.514  001.067: require('vim.lsp.util')
031.788  000.228  000.228: require('vim.lsp.sync')
031.792  000.493  000.265: require('vim.lsp._changetracking')
032.253  000.459  000.459: require('vim.lsp.rpc')
032.315  004.838  001.311: require('vim.lsp')
032.337  004.974  000.136: sourcing /Users/pablopunk/.local/share/mvim/site/pack/deps/opt/nvim-lspconfig/plugin/lspconfig.lua
034.565  000.799  000.799: sourcing /opt/homebrew/Cellar/neovim/HEAD-3a82652/share/nvim/runtime/colors/vim.lua
034.838  001.148  000.349: sourcing /opt/homebrew/Cellar/neovim/HEAD-3a82652/share/nvim/runtime/colors/habamax.vim
034.877  026.148  009.382: sourcing /Users/pablopunk/.config/mvim/init.lua
034.891  001.515: sourcing vimrc file(s)
035.183  000.148  000.148: sourcing /opt/homebrew/Cellar/neovim/HEAD-3a82652/share/nvim/runtime/filetype.lua
035.415  000.052  000.052: sourcing /opt/homebrew/Cellar/neovim/HEAD-3a82652/share/nvim/runtime/syntax/synload.vim
035.470  000.218  000.167: sourcing /opt/homebrew/Cellar/neovim/HEAD-3a82652/share/nvim/runtime/syntax/syntax.vim
036.275  000.120  000.120: sourcing /Users/pablopunk/.local/share/mvim/site/pack/deps/opt/nvim-lspconfig/plugin/lspconfig.lua
036.423  000.020  000.020: sourcing /Users/pablopunk/.local/share/mvim/site/pack/deps/opt/vim-tmux-navigator/plugin/tmux_navigator.vim
036.649  000.106  000.106: sourcing /Users/pablopunk/.local/share/mvim/site/pack/deps/opt/telescope.nvim/plugin/telescope.lua
036.863  000.097  000.097: sourcing /Users/pablopunk/.local/share/mvim/site/pack/plugins/start/telescope.nvim/plugin/telescope.lua
036.999  000.016  000.016: sourcing /Users/pablopunk/.local/share/mvim/site/pack/deps/opt/plenary.nvim/plugin/plenary.vim
037.129  000.013  000.013: sourcing /Users/pablopunk/.local/share/mvim/site/pack/plugins/start/plenary.nvim/plugin/plenary.vim
037.273  000.026  000.026: sourcing /Users/pablopunk/.local/share/mvim/site/pack/deps/opt/nvim-treesitter/plugin/nvim-treesitter.lua
037.420  000.025  000.025: sourcing /Users/pablopunk/.local/share/mvim/site/pack/plugins/start/nvim-treesitter/plugin/nvim-treesitter.lua
038.127  000.098  000.098: sourcing /opt/homebrew/Cellar/neovim/HEAD-3a82652/share/nvim/runtime/plugin/gzip.vim
039.218  000.109  000.109: sourcing /opt/homebrew/Cellar/neovim/HEAD-3a82652/share/nvim/runtime/pack/dist/opt/matchit/plugin/matchit.vim
039.255  001.079  000.970: sourcing /opt/homebrew/Cellar/neovim/HEAD-3a82652/share/nvim/runtime/plugin/matchit.vim
039.389  000.086  000.086: sourcing /opt/homebrew/Cellar/neovim/HEAD-3a82652/share/nvim/runtime/plugin/matchparen.vim
039.606  000.169  000.169: sourcing /opt/homebrew/Cellar/neovim/HEAD-3a82652/share/nvim/runtime/plugin/netrwPlugin.vim
039.747  000.085  000.085: sourcing /opt/homebrew/Cellar/neovim/HEAD-3a82652/share/nvim/runtime/plugin/rplugin.vim
039.854  000.051  000.051: sourcing /opt/homebrew/Cellar/neovim/HEAD-3a82652/share/nvim/runtime/plugin/shada.vim
039.920  000.011  000.011: sourcing /opt/homebrew/Cellar/neovim/HEAD-3a82652/share/nvim/runtime/plugin/spellfile.vim
040.027  000.050  000.050: sourcing /opt/homebrew/Cellar/neovim/HEAD-3a82652/share/nvim/runtime/plugin/tarPlugin.vim
040.091  000.009  000.009: sourcing /opt/homebrew/Cellar/neovim/HEAD-3a82652/share/nvim/runtime/plugin/tutor.vim
040.212  000.068  000.068: sourcing /opt/homebrew/Cellar/neovim/HEAD-3a82652/share/nvim/runtime/plugin/zipPlugin.vim
040.303  000.033  000.033: sourcing /opt/homebrew/Cellar/neovim/HEAD-3a82652/share/nvim/runtime/plugin/editorconfig.lua
040.404  000.046  000.046: sourcing /opt/homebrew/Cellar/neovim/HEAD-3a82652/share/nvim/runtime/plugin/man.lua
040.509  000.045  000.045: sourcing /opt/homebrew/Cellar/neovim/HEAD-3a82652/share/nvim/runtime/plugin/osc52.lua
040.601  000.028  000.028: sourcing /opt/homebrew/Cellar/neovim/HEAD-3a82652/share/nvim/runtime/plugin/tohtml.lua
040.626  003.086: loading rtp plugins
041.060  000.026  000.026: sourcing /Users/pablopunk/.local/share/mvim/site/pack/plugins/start/nvim-treesitter/plugin/nvim-treesitter.lua
041.220  000.014  000.014: sourcing /Users/pablopunk/.local/share/mvim/site/pack/plugins/start/plenary.nvim/plugin/plenary.vim
041.521  000.109  000.109: sourcing /Users/pablopunk/.local/share/mvim/site/pack/plugins/start/telescope.nvim/plugin/telescope.lua
041.622  000.847: loading packages
042.224  000.603: loading after plugins
042.228  000.004: inits 3
043.074  000.845: reading ShaDa
043.144  000.070: opening buffers
043.154  000.010: BufEnter autocommands
043.155  000.001: editing files in windows
043.231  000.076: VimEnter autocommands
043.232  000.001: UIEnter autocommands
043.233  000.001: before starting main loop
043.367  000.133: first screen update
043.368  000.001: --- NVIM STARTED ---

